05-May-2023 12:04:56.736 INFO [main] org.apache.catalina.startup.VersionLoggerListener.log Server version name:   Apache Tomcat/10.0.23
05-May-2023 12:04:56.743 INFO [main] org.apache.catalina.startup.VersionLoggerListener.log Server built:          Jul 14 2022 08:16:11 UTC
05-May-2023 12:04:56.743 INFO [main] org.apache.catalina.startup.VersionLoggerListener.log Server version number: 10.0.23.0
05-May-2023 12:04:56.743 INFO [main] org.apache.catalina.startup.VersionLoggerListener.log OS Name:               Windows 11
05-May-2023 12:04:56.744 INFO [main] org.apache.catalina.startup.VersionLoggerListener.log OS Version:            10.0
05-May-2023 12:04:56.744 INFO [main] org.apache.catalina.startup.VersionLoggerListener.log Architecture:          amd64
05-May-2023 12:04:56.744 INFO [main] org.apache.catalina.startup.VersionLoggerListener.log Java Home:             C:\Program Files\Java\jdk-20
05-May-2023 12:04:56.744 INFO [main] org.apache.catalina.startup.VersionLoggerListener.log JVM Version:           20+36-2344
05-May-2023 12:04:56.744 INFO [main] org.apache.catalina.startup.VersionLoggerListener.log JVM Vendor:            Oracle Corporation
05-May-2023 12:04:56.744 INFO [main] org.apache.catalina.startup.VersionLoggerListener.log CATALINA_BASE:         C:\Users\shubh\Documents\CS GMU\CS 550\Project Component\PC4\apache-tomcat-10.0.23
05-May-2023 12:04:56.744 INFO [main] org.apache.catalina.startup.VersionLoggerListener.log CATALINA_HOME:         C:\Users\shubh\Documents\CS GMU\CS 550\Project Component\PC4\apache-tomcat-10.0.23
05-May-2023 12:04:56.772 INFO [main] org.apache.catalina.startup.VersionLoggerListener.log Command line argument: --add-opens=java.base/java.lang=ALL-UNNAMED
05-May-2023 12:04:56.772 INFO [main] org.apache.catalina.startup.VersionLoggerListener.log Command line argument: --add-opens=java.base/java.io=ALL-UNNAMED
05-May-2023 12:04:56.772 INFO [main] org.apache.catalina.startup.VersionLoggerListener.log Command line argument: --add-opens=java.base/java.util=ALL-UNNAMED
05-May-2023 12:04:56.772 INFO [main] org.apache.catalina.startup.VersionLoggerListener.log Command line argument: --add-opens=java.base/java.util.concurrent=ALL-UNNAMED
05-May-2023 12:04:56.772 INFO [main] org.apache.catalina.startup.VersionLoggerListener.log Command line argument: --add-opens=java.rmi/sun.rmi.transport=ALL-UNNAMED
05-May-2023 12:04:56.774 INFO [main] org.apache.catalina.startup.VersionLoggerListener.log Command line argument: -Djava.util.logging.config.file=C:\Users\shubh\Documents\CS GMU\CS 550\Project Component\PC4\apache-tomcat-10.0.23\conf\logging.properties
05-May-2023 12:04:56.774 INFO [main] org.apache.catalina.startup.VersionLoggerListener.log Command line argument: -Djava.util.logging.manager=org.apache.juli.ClassLoaderLogManager
05-May-2023 12:04:56.774 INFO [main] org.apache.catalina.startup.VersionLoggerListener.log Command line argument: -Djdk.tls.ephemeralDHKeySize=2048
05-May-2023 12:04:56.774 INFO [main] org.apache.catalina.startup.VersionLoggerListener.log Command line argument: -Djava.protocol.handler.pkgs=org.apache.catalina.webresources
05-May-2023 12:04:56.775 INFO [main] org.apache.catalina.startup.VersionLoggerListener.log Command line argument: -Dignore.endorsed.dirs=
05-May-2023 12:04:56.775 INFO [main] org.apache.catalina.startup.VersionLoggerListener.log Command line argument: -Dcatalina.base=C:\Users\shubh\Documents\CS GMU\CS 550\Project Component\PC4\apache-tomcat-10.0.23
05-May-2023 12:04:56.775 INFO [main] org.apache.catalina.startup.VersionLoggerListener.log Command line argument: -Dcatalina.home=C:\Users\shubh\Documents\CS GMU\CS 550\Project Component\PC4\apache-tomcat-10.0.23
05-May-2023 12:04:56.775 INFO [main] org.apache.catalina.startup.VersionLoggerListener.log Command line argument: -Djava.io.tmpdir=C:\Users\shubh\Documents\CS GMU\CS 550\Project Component\PC4\apache-tomcat-10.0.23\temp
05-May-2023 12:04:56.786 INFO [main] org.apache.catalina.core.AprLifecycleListener.lifecycleEvent The Apache Tomcat Native library which allows using OpenSSL was not found on the java.library.path: [C:\Program Files\Java\jdk-20\bin;C:\WINDOWS\Sun\Java\bin;C:\WINDOWS\system32;C:\WINDOWS;C:\Program Files\Common Files\Oracle\Java\javapath;C:\Program Files (x86)\VMware\VMware Workstation\bin\;C:\Windows\system32;C:\Windows;C:\Windows\System32\Wbem;C:\Windows\System32\WindowsPowerShell\v1.0\;C:\Windows\System32\OpenSSH\;C:\Program Files (x86)\NVIDIA Corporation\PhysX\Common;C:\Program Files\NVIDIA Corporation\NVIDIA NvDLISR;C:\Program Files\dotnet\;C:\WINDOWS\system32;C:\WINDOWS;C:\WINDOWS\System32\Wbem;C:\WINDOWS\System32\WindowsPowerShell\v1.0\;C:\WINDOWS\System32\OpenSSH\;C:\Program Files (x86)\Zorba XQuery Processor 3.0.0\bin;C:\ProgramData\chocolatey\bin;C:\Program Files\Microsoft SQL Server\150\Tools\Binn\;C:\Program Files\Microsoft SQL Server\Client SDK\ODBC\170\Tools\Binn\;C:\Program Files\nodejs\;C:\Users\shubh\AppData\Local\Programs\Python\Python311\Scripts\;C:\Users\shubh\AppData\Local\Programs\Python\Python311\;C:\Users\shubh\AppData\Local\Microsoft\WindowsApps;C:\ProgramData\shubh\atom\bin;C:\Users\shubh\AppData\Local\Programs\Microsoft VS Code\bin;C:\Program Files\mongosh\;C:\Users\shubh\.dotnet\tools;C:\Users\shubh\AppData\Roaming\npm;.]
05-May-2023 12:04:57.606 INFO [main] org.apache.coyote.AbstractProtocol.init Initializing ProtocolHandler ["http-nio-8080"]
05-May-2023 12:04:57.676 INFO [main] org.apache.catalina.startup.Catalina.load Server initialization in [1221] milliseconds
05-May-2023 12:04:57.743 INFO [main] org.apache.catalina.core.StandardService.startInternal Starting service [Catalina]
05-May-2023 12:04:57.744 INFO [main] org.apache.catalina.core.StandardEngine.startInternal Starting Servlet engine: [Apache Tomcat/10.0.23]
05-May-2023 12:04:57.756 INFO [main] org.apache.catalina.startup.HostConfig.deployDirectory Deploying web application directory [C:\Users\shubh\Documents\CS GMU\CS 550\Project Component\PC4\apache-tomcat-10.0.23\webapps\docs]
05-May-2023 12:04:58.844 INFO [main] org.apache.jasper.servlet.TldScanner.scanJars At least one JAR was scanned for TLDs yet contained no TLDs. Enable debug logging for this logger for a complete list of JARs that were scanned but no TLDs were found in them. Skipping unneeded JARs during scanning can improve startup time and JSP compilation time.
05-May-2023 12:04:58.968 INFO [main] org.apache.catalina.startup.HostConfig.deployDirectory Deployment of web application directory [C:\Users\shubh\Documents\CS GMU\CS 550\Project Component\PC4\apache-tomcat-10.0.23\webapps\docs] has finished in [1,210] ms
05-May-2023 12:04:58.968 INFO [main] org.apache.catalina.startup.HostConfig.deployDirectory Deploying web application directory [C:\Users\shubh\Documents\CS GMU\CS 550\Project Component\PC4\apache-tomcat-10.0.23\webapps\examples]
05-May-2023 12:05:00.075 INFO [main] org.apache.jasper.servlet.TldScanner.scanJars At least one JAR was scanned for TLDs yet contained no TLDs. Enable debug logging for this logger for a complete list of JARs that were scanned but no TLDs were found in them. Skipping unneeded JARs during scanning can improve startup time and JSP compilation time.
05-May-2023 12:05:00.172 INFO [main] org.apache.catalina.startup.HostConfig.deployDirectory Deployment of web application directory [C:\Users\shubh\Documents\CS GMU\CS 550\Project Component\PC4\apache-tomcat-10.0.23\webapps\examples] has finished in [1,204] ms
05-May-2023 12:05:00.172 INFO [main] org.apache.catalina.startup.HostConfig.deployDirectory Deploying web application directory [C:\Users\shubh\Documents\CS GMU\CS 550\Project Component\PC4\apache-tomcat-10.0.23\webapps\frequentflier]
05-May-2023 12:05:00.703 INFO [main] org.apache.jasper.servlet.TldScanner.scanJars At least one JAR was scanned for TLDs yet contained no TLDs. Enable debug logging for this logger for a complete list of JARs that were scanned but no TLDs were found in them. Skipping unneeded JARs during scanning can improve startup time and JSP compilation time.
05-May-2023 12:05:00.713 INFO [main] org.apache.catalina.startup.HostConfig.deployDirectory Deployment of web application directory [C:\Users\shubh\Documents\CS GMU\CS 550\Project Component\PC4\apache-tomcat-10.0.23\webapps\frequentflier] has finished in [541] ms
05-May-2023 12:05:00.714 INFO [main] org.apache.catalina.startup.HostConfig.deployDirectory Deploying web application directory [C:\Users\shubh\Documents\CS GMU\CS 550\Project Component\PC4\apache-tomcat-10.0.23\webapps\host-manager]
05-May-2023 12:05:01.204 INFO [main] org.apache.jasper.servlet.TldScanner.scanJars At least one JAR was scanned for TLDs yet contained no TLDs. Enable debug logging for this logger for a complete list of JARs that were scanned but no TLDs were found in them. Skipping unneeded JARs during scanning can improve startup time and JSP compilation time.
05-May-2023 12:05:01.212 INFO [main] org.apache.catalina.startup.HostConfig.deployDirectory Deployment of web application directory [C:\Users\shubh\Documents\CS GMU\CS 550\Project Component\PC4\apache-tomcat-10.0.23\webapps\host-manager] has finished in [498] ms
05-May-2023 12:05:01.214 INFO [main] org.apache.catalina.startup.HostConfig.deployDirectory Deploying web application directory [C:\Users\shubh\Documents\CS GMU\CS 550\Project Component\PC4\apache-tomcat-10.0.23\webapps\manager]
05-May-2023 12:05:01.700 INFO [main] org.apache.jasper.servlet.TldScanner.scanJars At least one JAR was scanned for TLDs yet contained no TLDs. Enable debug logging for this logger for a complete list of JARs that were scanned but no TLDs were found in them. Skipping unneeded JARs during scanning can improve startup time and JSP compilation time.
05-May-2023 12:05:01.703 INFO [main] org.apache.catalina.startup.HostConfig.deployDirectory Deployment of web application directory [C:\Users\shubh\Documents\CS GMU\CS 550\Project Component\PC4\apache-tomcat-10.0.23\webapps\manager] has finished in [489] ms
05-May-2023 12:05:01.704 INFO [main] org.apache.catalina.startup.HostConfig.deployDirectory Deploying web application directory [C:\Users\shubh\Documents\CS GMU\CS 550\Project Component\PC4\apache-tomcat-10.0.23\webapps\ROOT]
05-May-2023 12:05:02.158 INFO [main] org.apache.jasper.servlet.TldScanner.scanJars At least one JAR was scanned for TLDs yet contained no TLDs. Enable debug logging for this logger for a complete list of JARs that were scanned but no TLDs were found in them. Skipping unneeded JARs during scanning can improve startup time and JSP compilation time.
05-May-2023 12:05:02.162 INFO [main] org.apache.catalina.startup.HostConfig.deployDirectory Deployment of web application directory [C:\Users\shubh\Documents\CS GMU\CS 550\Project Component\PC4\apache-tomcat-10.0.23\webapps\ROOT] has finished in [458] ms
05-May-2023 12:05:02.166 INFO [main] org.apache.coyote.AbstractProtocol.start Starting ProtocolHandler ["http-nio-8080"]
05-May-2023 12:05:02.239 INFO [main] org.apache.catalina.startup.Catalina.start Server startup in [4561] milliseconds
