30-Apr-2023 00:56:57.532 INFO [main] org.apache.catalina.core.StandardServer.await A valid shutdown command was received via the shutdown port. Stopping the Server instance.
30-Apr-2023 00:56:57.534 INFO [main] org.apache.coyote.AbstractProtocol.pause Pausing ProtocolHandler ["http-nio-8080"]
30-Apr-2023 00:56:57.560 INFO [main] org.apache.catalina.core.StandardService.stopInternal Stopping service [Catalina]
30-Apr-2023 00:56:57.609 WARNING [main] org.apache.catalina.loader.WebappClassLoaderBase.clearReferencesThreads The web application [frequentflier] appears to have started a thread named [oracle.jdbc.driver.BlockSource.ThreadedCachingBlockSource.BlockReleaser] but has failed to stop it. This is very likely to create a memory leak. Stack trace of thread:
 java.base/java.lang.Object.wait0(Native Method)
 java.base/java.lang.Object.wait(Object.java:366)
 oracle.jdbc.driver.BlockSource$ThreadedCachingBlockSource$BlockReleaser.run(BlockSource.java:331)
30-Apr-2023 00:56:57.610 WARNING [main] org.apache.catalina.loader.WebappClassLoaderBase.clearReferencesThreads The web application [frequentflier] appears to have started a thread named [InterruptTimer] but has failed to stop it. This is very likely to create a memory leak. Stack trace of thread:
 java.base/java.lang.Object.wait0(Native Method)
 java.base/java.lang.Object.wait(Object.java:366)
 java.base/java.util.TimerThread.mainLoop(Timer.java:563)
 java.base/java.util.TimerThread.run(Timer.java:516)
30-Apr-2023 00:56:57.618 INFO [main] org.apache.coyote.AbstractProtocol.stop Stopping ProtocolHandler ["http-nio-8080"]
30-Apr-2023 00:56:57.985 INFO [main] org.apache.coyote.AbstractProtocol.destroy Destroying ProtocolHandler ["http-nio-8080"]
30-Apr-2023 00:57:01.820 INFO [main] org.apache.catalina.startup.VersionLoggerListener.log Server version name:   Apache Tomcat/10.0.23
30-Apr-2023 00:57:01.827 INFO [main] org.apache.catalina.startup.VersionLoggerListener.log Server built:          Jul 14 2022 08:16:11 UTC
30-Apr-2023 00:57:01.827 INFO [main] org.apache.catalina.startup.VersionLoggerListener.log Server version number: 10.0.23.0
30-Apr-2023 00:57:01.828 INFO [main] org.apache.catalina.startup.VersionLoggerListener.log OS Name:               Windows 11
30-Apr-2023 00:57:01.828 INFO [main] org.apache.catalina.startup.VersionLoggerListener.log OS Version:            10.0
30-Apr-2023 00:57:01.828 INFO [main] org.apache.catalina.startup.VersionLoggerListener.log Architecture:          amd64
30-Apr-2023 00:57:01.828 INFO [main] org.apache.catalina.startup.VersionLoggerListener.log Java Home:             C:\Program Files\Java\jdk-20
30-Apr-2023 00:57:01.828 INFO [main] org.apache.catalina.startup.VersionLoggerListener.log JVM Version:           20+36-2344
30-Apr-2023 00:57:01.828 INFO [main] org.apache.catalina.startup.VersionLoggerListener.log JVM Vendor:            Oracle Corporation
30-Apr-2023 00:57:01.829 INFO [main] org.apache.catalina.startup.VersionLoggerListener.log CATALINA_BASE:         C:\Users\shubh\Documents\CS GMU\CS 550\Project Component\PC4\apache-tomcat-10.0.23
30-Apr-2023 00:57:01.829 INFO [main] org.apache.catalina.startup.VersionLoggerListener.log CATALINA_HOME:         C:\Users\shubh\Documents\CS GMU\CS 550\Project Component\PC4\apache-tomcat-10.0.23
30-Apr-2023 00:57:01.854 INFO [main] org.apache.catalina.startup.VersionLoggerListener.log Command line argument: --add-opens=java.base/java.lang=ALL-UNNAMED
30-Apr-2023 00:57:01.854 INFO [main] org.apache.catalina.startup.VersionLoggerListener.log Command line argument: --add-opens=java.base/java.io=ALL-UNNAMED
30-Apr-2023 00:57:01.854 INFO [main] org.apache.catalina.startup.VersionLoggerListener.log Command line argument: --add-opens=java.base/java.util=ALL-UNNAMED
30-Apr-2023 00:57:01.854 INFO [main] org.apache.catalina.startup.VersionLoggerListener.log Command line argument: --add-opens=java.base/java.util.concurrent=ALL-UNNAMED
30-Apr-2023 00:57:01.854 INFO [main] org.apache.catalina.startup.VersionLoggerListener.log Command line argument: --add-opens=java.rmi/sun.rmi.transport=ALL-UNNAMED
30-Apr-2023 00:57:01.854 INFO [main] org.apache.catalina.startup.VersionLoggerListener.log Command line argument: -Djava.util.logging.config.file=C:\Users\shubh\Documents\CS GMU\CS 550\Project Component\PC4\apache-tomcat-10.0.23\conf\logging.properties
30-Apr-2023 00:57:01.855 INFO [main] org.apache.catalina.startup.VersionLoggerListener.log Command line argument: -Djava.util.logging.manager=org.apache.juli.ClassLoaderLogManager
30-Apr-2023 00:57:01.855 INFO [main] org.apache.catalina.startup.VersionLoggerListener.log Command line argument: -Djdk.tls.ephemeralDHKeySize=2048
30-Apr-2023 00:57:01.855 INFO [main] org.apache.catalina.startup.VersionLoggerListener.log Command line argument: -Djava.protocol.handler.pkgs=org.apache.catalina.webresources
30-Apr-2023 00:57:01.855 INFO [main] org.apache.catalina.startup.VersionLoggerListener.log Command line argument: -Dignore.endorsed.dirs=
30-Apr-2023 00:57:01.855 INFO [main] org.apache.catalina.startup.VersionLoggerListener.log Command line argument: -Dcatalina.base=C:\Users\shubh\Documents\CS GMU\CS 550\Project Component\PC4\apache-tomcat-10.0.23
30-Apr-2023 00:57:01.856 INFO [main] org.apache.catalina.startup.VersionLoggerListener.log Command line argument: -Dcatalina.home=C:\Users\shubh\Documents\CS GMU\CS 550\Project Component\PC4\apache-tomcat-10.0.23
30-Apr-2023 00:57:01.856 INFO [main] org.apache.catalina.startup.VersionLoggerListener.log Command line argument: -Djava.io.tmpdir=C:\Users\shubh\Documents\CS GMU\CS 550\Project Component\PC4\apache-tomcat-10.0.23\temp
30-Apr-2023 00:57:01.867 INFO [main] org.apache.catalina.core.AprLifecycleListener.lifecycleEvent The Apache Tomcat Native library which allows using OpenSSL was not found on the java.library.path: [C:\Program Files\Java\jdk-20\bin;C:\WINDOWS\Sun\Java\bin;C:\WINDOWS\system32;C:\WINDOWS;C:\Program Files\Common Files\Oracle\Java\javapath;C:\Program Files (x86)\VMware\VMware Workstation\bin\;C:\Windows\system32;C:\Windows;C:\Windows\System32\Wbem;C:\Windows\System32\WindowsPowerShell\v1.0\;C:\Windows\System32\OpenSSH\;C:\Program Files (x86)\NVIDIA Corporation\PhysX\Common;C:\Program Files\NVIDIA Corporation\NVIDIA NvDLISR;C:\Program Files\dotnet\;C:\WINDOWS\system32;C:\WINDOWS;C:\WINDOWS\System32\Wbem;C:\WINDOWS\System32\WindowsPowerShell\v1.0\;C:\WINDOWS\System32\OpenSSH\;C:\Program Files (x86)\Zorba XQuery Processor 3.0.0\bin;C:\ProgramData\chocolatey\bin;C:\Program Files\Microsoft SQL Server\150\Tools\Binn\;C:\Program Files\Microsoft SQL Server\Client SDK\ODBC\170\Tools\Binn\;C:\Program Files\nodejs\;C:\Users\shubh\AppData\Local\Programs\Python\Python311\Scripts\;C:\Users\shubh\AppData\Local\Programs\Python\Python311\;C:\Users\shubh\AppData\Local\Microsoft\WindowsApps;C:\ProgramData\shubh\atom\bin;C:\Users\shubh\AppData\Local\Programs\Microsoft VS Code\bin;C:\Program Files\mongosh\;C:\Users\shubh\.dotnet\tools;C:\Users\shubh\AppData\Roaming\npm;.]
30-Apr-2023 00:57:02.331 INFO [main] org.apache.coyote.AbstractProtocol.init Initializing ProtocolHandler ["http-nio-8080"]
30-Apr-2023 00:57:02.362 INFO [main] org.apache.catalina.startup.Catalina.load Server initialization in [791] milliseconds
30-Apr-2023 00:57:02.418 INFO [main] org.apache.catalina.core.StandardService.startInternal Starting service [Catalina]
30-Apr-2023 00:57:02.418 INFO [main] org.apache.catalina.core.StandardEngine.startInternal Starting Servlet engine: [Apache Tomcat/10.0.23]
30-Apr-2023 00:57:02.428 INFO [main] org.apache.catalina.startup.HostConfig.deployDirectory Deploying web application directory [C:\Users\shubh\Documents\CS GMU\CS 550\Project Component\PC4\apache-tomcat-10.0.23\webapps\docs]
30-Apr-2023 00:57:03.472 INFO [main] org.apache.jasper.servlet.TldScanner.scanJars At least one JAR was scanned for TLDs yet contained no TLDs. Enable debug logging for this logger for a complete list of JARs that were scanned but no TLDs were found in them. Skipping unneeded JARs during scanning can improve startup time and JSP compilation time.
30-Apr-2023 00:57:03.559 INFO [main] org.apache.catalina.startup.HostConfig.deployDirectory Deployment of web application directory [C:\Users\shubh\Documents\CS GMU\CS 550\Project Component\PC4\apache-tomcat-10.0.23\webapps\docs] has finished in [1,130] ms
30-Apr-2023 00:57:03.562 INFO [main] org.apache.catalina.startup.HostConfig.deployDirectory Deploying web application directory [C:\Users\shubh\Documents\CS GMU\CS 550\Project Component\PC4\apache-tomcat-10.0.23\webapps\examples]
30-Apr-2023 00:57:04.791 INFO [main] org.apache.jasper.servlet.TldScanner.scanJars At least one JAR was scanned for TLDs yet contained no TLDs. Enable debug logging for this logger for a complete list of JARs that were scanned but no TLDs were found in them. Skipping unneeded JARs during scanning can improve startup time and JSP compilation time.
30-Apr-2023 00:57:04.880 INFO [main] org.apache.catalina.startup.HostConfig.deployDirectory Deployment of web application directory [C:\Users\shubh\Documents\CS GMU\CS 550\Project Component\PC4\apache-tomcat-10.0.23\webapps\examples] has finished in [1,318] ms
30-Apr-2023 00:57:04.881 INFO [main] org.apache.catalina.startup.HostConfig.deployDirectory Deploying web application directory [C:\Users\shubh\Documents\CS GMU\CS 550\Project Component\PC4\apache-tomcat-10.0.23\webapps\frequentflier]
30-Apr-2023 00:57:05.361 INFO [main] org.apache.jasper.servlet.TldScanner.scanJars At least one JAR was scanned for TLDs yet contained no TLDs. Enable debug logging for this logger for a complete list of JARs that were scanned but no TLDs were found in them. Skipping unneeded JARs during scanning can improve startup time and JSP compilation time.
30-Apr-2023 00:57:05.376 INFO [main] org.apache.catalina.startup.HostConfig.deployDirectory Deployment of web application directory [C:\Users\shubh\Documents\CS GMU\CS 550\Project Component\PC4\apache-tomcat-10.0.23\webapps\frequentflier] has finished in [495] ms
30-Apr-2023 00:57:05.377 INFO [main] org.apache.catalina.startup.HostConfig.deployDirectory Deploying web application directory [C:\Users\shubh\Documents\CS GMU\CS 550\Project Component\PC4\apache-tomcat-10.0.23\webapps\host-manager]
30-Apr-2023 00:57:05.822 INFO [main] org.apache.jasper.servlet.TldScanner.scanJars At least one JAR was scanned for TLDs yet contained no TLDs. Enable debug logging for this logger for a complete list of JARs that were scanned but no TLDs were found in them. Skipping unneeded JARs during scanning can improve startup time and JSP compilation time.
30-Apr-2023 00:57:05.835 INFO [main] org.apache.catalina.startup.HostConfig.deployDirectory Deployment of web application directory [C:\Users\shubh\Documents\CS GMU\CS 550\Project Component\PC4\apache-tomcat-10.0.23\webapps\host-manager] has finished in [459] ms
30-Apr-2023 00:57:05.836 INFO [main] org.apache.catalina.startup.HostConfig.deployDirectory Deploying web application directory [C:\Users\shubh\Documents\CS GMU\CS 550\Project Component\PC4\apache-tomcat-10.0.23\webapps\manager]
30-Apr-2023 00:57:06.366 INFO [main] org.apache.jasper.servlet.TldScanner.scanJars At least one JAR was scanned for TLDs yet contained no TLDs. Enable debug logging for this logger for a complete list of JARs that were scanned but no TLDs were found in them. Skipping unneeded JARs during scanning can improve startup time and JSP compilation time.
30-Apr-2023 00:57:06.369 INFO [main] org.apache.catalina.startup.HostConfig.deployDirectory Deployment of web application directory [C:\Users\shubh\Documents\CS GMU\CS 550\Project Component\PC4\apache-tomcat-10.0.23\webapps\manager] has finished in [533] ms
30-Apr-2023 00:57:06.369 INFO [main] org.apache.catalina.startup.HostConfig.deployDirectory Deploying web application directory [C:\Users\shubh\Documents\CS GMU\CS 550\Project Component\PC4\apache-tomcat-10.0.23\webapps\ROOT]
30-Apr-2023 00:57:06.780 INFO [main] org.apache.jasper.servlet.TldScanner.scanJars At least one JAR was scanned for TLDs yet contained no TLDs. Enable debug logging for this logger for a complete list of JARs that were scanned but no TLDs were found in them. Skipping unneeded JARs during scanning can improve startup time and JSP compilation time.
30-Apr-2023 00:57:06.787 INFO [main] org.apache.catalina.startup.HostConfig.deployDirectory Deployment of web application directory [C:\Users\shubh\Documents\CS GMU\CS 550\Project Component\PC4\apache-tomcat-10.0.23\webapps\ROOT] has finished in [417] ms
30-Apr-2023 00:57:06.790 INFO [main] org.apache.coyote.AbstractProtocol.start Starting ProtocolHandler ["http-nio-8080"]
30-Apr-2023 00:57:06.849 INFO [main] org.apache.catalina.startup.Catalina.start Server startup in [4484] milliseconds
