02-May-2023 01:34:41.191 INFO [main] org.apache.catalina.core.ApplicationContext.log SessionListener: contextDestroyed()
02-May-2023 01:34:41.191 INFO [main] org.apache.catalina.core.ApplicationContext.log ContextListener: contextDestroyed()
02-May-2023 01:34:47.214 INFO [main] org.apache.catalina.core.ApplicationContext.log ContextListener: contextInitialized()
02-May-2023 01:34:47.215 INFO [main] org.apache.catalina.core.ApplicationContext.log SessionListener: contextInitialized()
02-May-2023 01:34:47.220 INFO [main] org.apache.catalina.core.ApplicationContext.log ContextListener: attributeAdded('StockTicker', 'async.Stockticker@2d130ac4')
02-May-2023 12:33:31.428 INFO [main] org.apache.catalina.core.ApplicationContext.log SessionListener: contextDestroyed()
02-May-2023 12:33:31.428 INFO [main] org.apache.catalina.core.ApplicationContext.log ContextListener: contextDestroyed()
02-May-2023 12:33:38.243 INFO [main] org.apache.catalina.core.ApplicationContext.log ContextListener: contextInitialized()
02-May-2023 12:33:38.244 INFO [main] org.apache.catalina.core.ApplicationContext.log SessionListener: contextInitialized()
02-May-2023 12:33:38.248 INFO [main] org.apache.catalina.core.ApplicationContext.log ContextListener: attributeAdded('StockTicker', 'async.Stockticker@279126f5')
02-May-2023 12:50:25.766 INFO [main] org.apache.catalina.core.ApplicationContext.log SessionListener: contextDestroyed()
02-May-2023 12:50:25.766 INFO [main] org.apache.catalina.core.ApplicationContext.log ContextListener: contextDestroyed()
02-May-2023 12:50:32.343 INFO [main] org.apache.catalina.core.ApplicationContext.log ContextListener: contextInitialized()
02-May-2023 12:50:32.343 INFO [main] org.apache.catalina.core.ApplicationContext.log SessionListener: contextInitialized()
02-May-2023 12:50:32.346 INFO [main] org.apache.catalina.core.ApplicationContext.log ContextListener: attributeAdded('StockTicker', 'async.Stockticker@7b6141f0')
02-May-2023 15:01:41.798 INFO [main] org.apache.catalina.core.ApplicationContext.log SessionListener: contextDestroyed()
02-May-2023 15:01:41.799 INFO [main] org.apache.catalina.core.ApplicationContext.log ContextListener: contextDestroyed()
02-May-2023 15:01:47.327 INFO [main] org.apache.catalina.core.ApplicationContext.log ContextListener: contextInitialized()
02-May-2023 15:01:47.327 INFO [main] org.apache.catalina.core.ApplicationContext.log SessionListener: contextInitialized()
02-May-2023 15:01:47.329 INFO [main] org.apache.catalina.core.ApplicationContext.log ContextListener: attributeAdded('StockTicker', 'async.Stockticker@231df705')
02-May-2023 15:02:47.196 INFO [main] org.apache.catalina.core.ApplicationContext.log SessionListener: contextDestroyed()
02-May-2023 15:02:47.196 INFO [main] org.apache.catalina.core.ApplicationContext.log ContextListener: contextDestroyed()
02-May-2023 15:02:52.762 INFO [main] org.apache.catalina.core.ApplicationContext.log ContextListener: contextInitialized()
02-May-2023 15:02:52.762 INFO [main] org.apache.catalina.core.ApplicationContext.log SessionListener: contextInitialized()
02-May-2023 15:02:52.764 INFO [main] org.apache.catalina.core.ApplicationContext.log ContextListener: attributeAdded('StockTicker', 'async.Stockticker@2d130ac4')
02-May-2023 15:13:28.793 INFO [main] org.apache.catalina.core.ApplicationContext.log SessionListener: contextDestroyed()
02-May-2023 15:13:28.793 INFO [main] org.apache.catalina.core.ApplicationContext.log ContextListener: contextDestroyed()
02-May-2023 15:13:34.440 INFO [main] org.apache.catalina.core.ApplicationContext.log ContextListener: contextInitialized()
02-May-2023 15:13:34.441 INFO [main] org.apache.catalina.core.ApplicationContext.log SessionListener: contextInitialized()
02-May-2023 15:13:34.444 INFO [main] org.apache.catalina.core.ApplicationContext.log ContextListener: attributeAdded('StockTicker', 'async.Stockticker@2d130ac4')
02-May-2023 16:08:38.248 INFO [main] org.apache.catalina.core.ApplicationContext.log SessionListener: contextDestroyed()
02-May-2023 16:08:38.248 INFO [main] org.apache.catalina.core.ApplicationContext.log ContextListener: contextDestroyed()
02-May-2023 18:07:00.616 INFO [main] org.apache.catalina.core.ApplicationContext.log ContextListener: contextInitialized()
02-May-2023 18:07:00.616 INFO [main] org.apache.catalina.core.ApplicationContext.log SessionListener: contextInitialized()
02-May-2023 18:07:00.620 INFO [main] org.apache.catalina.core.ApplicationContext.log ContextListener: attributeAdded('StockTicker', 'async.Stockticker@49232c6f')
02-May-2023 18:47:29.838 INFO [main] org.apache.catalina.core.ApplicationContext.log SessionListener: contextDestroyed()
02-May-2023 18:47:29.838 INFO [main] org.apache.catalina.core.ApplicationContext.log ContextListener: contextDestroyed()
02-May-2023 18:47:35.927 INFO [main] org.apache.catalina.core.ApplicationContext.log ContextListener: contextInitialized()
02-May-2023 18:47:35.927 INFO [main] org.apache.catalina.core.ApplicationContext.log SessionListener: contextInitialized()
02-May-2023 18:47:35.931 INFO [main] org.apache.catalina.core.ApplicationContext.log ContextListener: attributeAdded('StockTicker', 'async.Stockticker@7b8ea1db')
02-May-2023 18:49:22.883 INFO [main] org.apache.catalina.core.ApplicationContext.log SessionListener: contextDestroyed()
02-May-2023 18:49:22.883 INFO [main] org.apache.catalina.core.ApplicationContext.log ContextListener: contextDestroyed()
02-May-2023 18:49:28.771 INFO [main] org.apache.catalina.core.ApplicationContext.log ContextListener: contextInitialized()
02-May-2023 18:49:28.771 INFO [main] org.apache.catalina.core.ApplicationContext.log SessionListener: contextInitialized()
02-May-2023 18:49:28.776 INFO [main] org.apache.catalina.core.ApplicationContext.log ContextListener: attributeAdded('StockTicker', 'async.Stockticker@231df705')
02-May-2023 21:01:23.677 INFO [main] org.apache.catalina.core.ApplicationContext.log SessionListener: contextDestroyed()
02-May-2023 21:01:23.677 INFO [main] org.apache.catalina.core.ApplicationContext.log ContextListener: contextDestroyed()
02-May-2023 21:01:29.643 INFO [main] org.apache.catalina.core.ApplicationContext.log ContextListener: contextInitialized()
02-May-2023 21:01:29.643 INFO [main] org.apache.catalina.core.ApplicationContext.log SessionListener: contextInitialized()
02-May-2023 21:01:29.647 INFO [main] org.apache.catalina.core.ApplicationContext.log ContextListener: attributeAdded('StockTicker', 'async.Stockticker@4fb64a52')
02-May-2023 21:01:40.873 INFO [main] org.apache.catalina.core.ApplicationContext.log SessionListener: contextDestroyed()
02-May-2023 21:01:40.873 INFO [main] org.apache.catalina.core.ApplicationContext.log ContextListener: contextDestroyed()
02-May-2023 21:01:46.470 INFO [main] org.apache.catalina.core.ApplicationContext.log ContextListener: contextInitialized()
02-May-2023 21:01:46.470 INFO [main] org.apache.catalina.core.ApplicationContext.log SessionListener: contextInitialized()
02-May-2023 21:01:46.475 INFO [main] org.apache.catalina.core.ApplicationContext.log ContextListener: attributeAdded('StockTicker', 'async.Stockticker@231df705')
02-May-2023 21:02:29.347 SEVERE [http-nio-8080-exec-1] org.apache.catalina.core.StandardWrapperValve.invoke Servlet.service() for servlet [jsp] in context with path [/frequentflier] threw exception [Unable to compile class for JSP: 

An error occurred at line: [24] in the jsp file: [/RedemptionDetails.jsp]
The left-hand side of an assignment must be a variable
21: //            String redemption_date = rs.getString("REDEMPTION_DATE");
22: //            String center_name = rs.getString("CENTER_NAME");
23:             
24:             out.println("Award Description: " + a_description)+",";
25:             out.println("\nPoints Required: " + points_required + "#");
26: //            out.println("Redemption Date: : " + redemption_date + "<br>");
27: //            out.println("Exchange Center Name :  " + center_name + "<br>");


An error occurred at line: [24] in the jsp file: [/RedemptionDetails.jsp]
Syntax error on token "+", invalid AssignmentOperator
21: //            String redemption_date = rs.getString("REDEMPTION_DATE");
22: //            String center_name = rs.getString("CENTER_NAME");
23:             
24:             out.println("Award Description: " + a_description)+",";
25:             out.println("\nPoints Required: " + points_required + "#");
26: //            out.println("Redemption Date: : " + redemption_date + "<br>");
27: //            out.println("Exchange Center Name :  " + center_name + "<br>");


Stacktrace:] with root cause
	org.apache.jasper.JasperException: Unable to compile class for JSP: 

An error occurred at line: [24] in the jsp file: [/RedemptionDetails.jsp]
The left-hand side of an assignment must be a variable
21: //            String redemption_date = rs.getString("REDEMPTION_DATE");
22: //            String center_name = rs.getString("CENTER_NAME");
23:             
24:             out.println("Award Description: " + a_description)+",";
25:             out.println("\nPoints Required: " + points_required + "#");
26: //            out.println("Redemption Date: : " + redemption_date + "<br>");
27: //            out.println("Exchange Center Name :  " + center_name + "<br>");


An error occurred at line: [24] in the jsp file: [/RedemptionDetails.jsp]
Syntax error on token "+", invalid AssignmentOperator
21: //            String redemption_date = rs.getString("REDEMPTION_DATE");
22: //            String center_name = rs.getString("CENTER_NAME");
23:             
24:             out.println("Award Description: " + a_description)+",";
25:             out.println("\nPoints Required: " + points_required + "#");
26: //            out.println("Redemption Date: : " + redemption_date + "<br>");
27: //            out.println("Exchange Center Name :  " + center_name + "<br>");


Stacktrace:
		at org.apache.jasper.compiler.DefaultErrorHandler.javacError(DefaultErrorHandler.java:102)
		at org.apache.jasper.compiler.ErrorDispatcher.javacError(ErrorDispatcher.java:213)
		at org.apache.jasper.compiler.JDTCompiler.generateClass(JDTCompiler.java:509)
		at org.apache.jasper.compiler.Compiler.compile(Compiler.java:397)
		at org.apache.jasper.compiler.Compiler.compile(Compiler.java:367)
		at org.apache.jasper.compiler.Compiler.compile(Compiler.java:351)
		at org.apache.jasper.JspCompilationContext.compile(JspCompilationContext.java:603)
		at org.apache.jasper.servlet.JspServletWrapper.service(JspServletWrapper.java:399)
		at org.apache.jasper.servlet.JspServlet.serviceJspFile(JspServlet.java:380)
		at org.apache.jasper.servlet.JspServlet.service(JspServlet.java:328)
		at jakarta.servlet.http.HttpServlet.service(HttpServlet.java:777)
		at org.apache.catalina.core.ApplicationFilterChain.internalDoFilter(ApplicationFilterChain.java:223)
		at org.apache.catalina.core.ApplicationFilterChain.doFilter(ApplicationFilterChain.java:158)
		at org.apache.tomcat.websocket.server.WsFilter.doFilter(WsFilter.java:53)
		at org.apache.catalina.core.ApplicationFilterChain.internalDoFilter(ApplicationFilterChain.java:185)
		at org.apache.catalina.core.ApplicationFilterChain.doFilter(ApplicationFilterChain.java:158)
		at org.apache.catalina.core.StandardWrapperValve.invoke(StandardWrapperValve.java:197)
		at org.apache.catalina.core.StandardContextValve.invoke(StandardContextValve.java:97)
		at org.apache.catalina.authenticator.AuthenticatorBase.invoke(AuthenticatorBase.java:542)
		at org.apache.catalina.core.StandardHostValve.invoke(StandardHostValve.java:119)
		at org.apache.catalina.valves.ErrorReportValve.invoke(ErrorReportValve.java:92)
		at org.apache.catalina.valves.AbstractAccessLogValve.invoke(AbstractAccessLogValve.java:690)
		at org.apache.catalina.core.StandardEngineValve.invoke(StandardEngineValve.java:78)
		at org.apache.catalina.connector.CoyoteAdapter.service(CoyoteAdapter.java:356)
		at org.apache.coyote.http11.Http11Processor.service(Http11Processor.java:399)
		at org.apache.coyote.AbstractProcessorLight.process(AbstractProcessorLight.java:65)
		at org.apache.coyote.AbstractProtocol$ConnectionHandler.process(AbstractProtocol.java:867)
		at org.apache.tomcat.util.net.NioEndpoint$SocketProcessor.doRun(NioEndpoint.java:1762)
		at org.apache.tomcat.util.net.SocketProcessorBase.run(SocketProcessorBase.java:49)
		at org.apache.tomcat.util.threads.ThreadPoolExecutor.runWorker(ThreadPoolExecutor.java:1191)
		at org.apache.tomcat.util.threads.ThreadPoolExecutor$Worker.run(ThreadPoolExecutor.java:659)
		at org.apache.tomcat.util.threads.TaskThread$WrappingRunnable.run(TaskThread.java:61)
		at java.base/java.lang.Thread.run(Thread.java:1623)
02-May-2023 21:03:18.348 INFO [main] org.apache.catalina.core.ApplicationContext.log SessionListener: contextDestroyed()
02-May-2023 21:03:18.348 INFO [main] org.apache.catalina.core.ApplicationContext.log ContextListener: contextDestroyed()
02-May-2023 21:03:24.012 INFO [main] org.apache.catalina.core.ApplicationContext.log ContextListener: contextInitialized()
02-May-2023 21:03:24.012 INFO [main] org.apache.catalina.core.ApplicationContext.log SessionListener: contextInitialized()
02-May-2023 21:03:24.017 INFO [main] org.apache.catalina.core.ApplicationContext.log ContextListener: attributeAdded('StockTicker', 'async.Stockticker@7b8ea1db')
02-May-2023 21:22:42.926 INFO [main] org.apache.catalina.core.ApplicationContext.log SessionListener: contextDestroyed()
02-May-2023 21:22:42.926 INFO [main] org.apache.catalina.core.ApplicationContext.log ContextListener: contextDestroyed()
02-May-2023 21:22:48.901 INFO [main] org.apache.catalina.core.ApplicationContext.log ContextListener: contextInitialized()
02-May-2023 21:22:48.901 INFO [main] org.apache.catalina.core.ApplicationContext.log SessionListener: contextInitialized()
02-May-2023 21:22:48.905 INFO [main] org.apache.catalina.core.ApplicationContext.log ContextListener: attributeAdded('StockTicker', 'async.Stockticker@231df705')
02-May-2023 22:02:23.769 INFO [main] org.apache.catalina.core.ApplicationContext.log SessionListener: contextDestroyed()
02-May-2023 22:02:23.769 INFO [main] org.apache.catalina.core.ApplicationContext.log ContextListener: contextDestroyed()
02-May-2023 22:02:29.642 INFO [main] org.apache.catalina.core.ApplicationContext.log ContextListener: contextInitialized()
02-May-2023 22:02:29.642 INFO [main] org.apache.catalina.core.ApplicationContext.log SessionListener: contextInitialized()
02-May-2023 22:02:29.646 INFO [main] org.apache.catalina.core.ApplicationContext.log ContextListener: attributeAdded('StockTicker', 'async.Stockticker@7b8ea1db')
02-May-2023 22:48:35.486 INFO [main] org.apache.catalina.core.ApplicationContext.log SessionListener: contextDestroyed()
02-May-2023 22:48:35.486 INFO [main] org.apache.catalina.core.ApplicationContext.log ContextListener: contextDestroyed()
